# 0x00000: 54 72 79 69  6e 67 20 31  39 32 2e 31  36 38 2e 31  Trying 192.168.1
# 0x00010: 2e 31 30 35  2e 2e 2e 0a                            .105....

# 0x00000: 43 6f 6e 6e  65 63 74 65  64 20 74 6f  20 31 39 32  Connected to 192
# 0x00010: 2e 31 36 38  2e 31 2e 31  30 35 2e 0a               .168.1.105..

> 0x00000: 24 24 24 0d  0a                                     $$$..

< 0x00000: 2a 48 45 4c  4c 4f 2a 43  4d 44 0d 0a               *HELLO*CMD..

# 0x00000: 54 72 79 69  6e 67 20 31  39 32 2e 31  36 38 2e 31  Trying 192.168.1
# 0x00010: 2e 31 30 35  2e 2e 2e 0a                            .105....

# 0x00000: 43 6f 6e 6e  65 63 74 65  64 20 74 6f  20 31 39 32  Connected to 192
# 0x00010: 2e 31 36 38  2e 31 2e 31  30 35 2e 0a               .168.1.105..

> 0x00000: 24 24 24 0d  0a                                     $$$..

< 0x00000: 2a 48 45 4c  4c 4f 2a 43  4d 44 0d 0a               *HELLO*CMD..

# 0x00000: 54 72 79 69  6e 67 20 31  39 32 2e 31  36 38 2e 31  Trying 192.168.1
# 0x00010: 2e 31 30 35  2e 2e 2e 0a                            .105....

# 0x00000: 43 6f 6e 6e  65 63 74 65  64 20 74 6f  20 31 39 32  Connected to 192
# 0x00010: 2e 31 36 38  2e 31 2e 31  30 35 2e 0a               .168.1.105..

> 0x00000: 24 24 24 0d  0a                                     $$$..

< 0x00000: 2a 48 45 4c  4c 4f 2a 43  4d 44 0d 0a               *HELLO*CMD..

# 0x00000: 54 72 79 69  6e 67 20 31  39 32 2e 31  36 38 2e 31  Trying 192.168.1
# 0x00010: 2e 31 30 35  2e 2e 2e 0a                            .105....

# 0x00000: 43 6f 6e 6e  65 63 74 65  64 20 74 6f  20 31 39 32  Connected to 192
# 0x00010: 2e 31 36 38  2e 31 2e 31  30 35 2e 0a               .168.1.105..

> 0x00000: 24 24 24 0d  0a                                     $$$..

< 0x00000: 2a 48 45 4c  4c 4f 2a 43  4d 44 0d 0a               *HELLO*CMD..

# 0x00000: 54 72 79 69  6e 67 20 31  39 32 2e 31  36 38 2e 31  Trying 192.168.1
# 0x00010: 2e 31 30 35  2e 2e 2e 0a                            .105....

# 0x00000: 43 6f 6e 6e  65 63 74 65  64 20 74 6f  20 31 39 32  Connected to 192
# 0x00010: 2e 31 36 38  2e 31 2e 31  30 35 2e 0a               .168.1.105..

> 0x00000: 24 24 24 0d  0a                                     $$$..

< 0x00000: 2a 48 45 4c  4c 4f 2a 43  4d 44 0d 0a               *HELLO*CMD..

# 0x00000: 54 72 79 69  6e 67 20 31  39 32 2e 31  36 38 2e 31  Trying 192.168.1
# 0x00010: 2e 31 30 35  2e 2e 2e 0a                            .105....

# 0x00000: 43 6f 6e 6e  65 63 74 65  64 20 74 6f  20 31 39 32  Connected to 192
# 0x00010: 2e 31 36 38  2e 31 2e 31  30 35 2e 0a               .168.1.105..

> 0x00000: 24 24 24 0d  0a                                     $$$..

< 0x00000: 2a 48 45 4c  4c 4f 2a 43  4d 44 0d 0a               *HELLO*CMD..

# 0x00000: 54 72 79 69  6e 67 20 31  39 32 2e 31  36 38 2e 31  Trying 192.168.1
# 0x00010: 2e 31 30 35  2e 2e 2e 0a                            .105....

# 0x00000: 43 6f 6e 6e  65 63 74 65  64 20 74 6f  20 31 39 32  Connected to 192
# 0x00010: 2e 31 36 38  2e 31 2e 31  30 35 2e 0a               .168.1.105..

# 0x00000: 54 72 79 69  6e 67 20 31  39 32 2e 31  36 38 2e 31  Trying 192.168.1
# 0x00010: 2e 31 30 35  2e 2e 2e 0a                            .105....

# 0x00000: 43 6f 6e 6e  65 63 74 65  64 20 74 6f  20 31 39 32  Connected to 192
# 0x00010: 2e 31 36 38  2e 31 2e 31  30 35 2e 0a               .168.1.105..

> 0x00000: 24 24 24 0d  0a                                     $$$..

< 0x00000: 2a 48 45 4c  4c 4f 2a 43  4d 44 0d 0a               *HELLO*CMD..

# 0x00000: 54 72 79 69  6e 67 20 31  39 32 2e 31  36 38 2e 31  Trying 192.168.1
# 0x00010: 2e 31 30 35  2e 2e 2e 0a                            .105....

# 0x00000: 43 6f 6e 6e  65 63 74 65  64 20 74 6f  20 31 39 32  Connected to 192
# 0x00010: 2e 31 36 38  2e 31 2e 31  30 35 2e 0a               .168.1.105..

> 0x00000: 24 24 24 0d  0a                                     $$$..

< 0x00000: 2a 48 45 4c  4c 4f 2a 43  4d 44 0d 0a               *HELLO*CMD..

# 0x00000: 54 72 79 69  6e 67 20 31  39 32 2e 31  36 38 2e 31  Trying 192.168.1
# 0x00010: 2e 31 30 35  2e 2e 2e 0a                            .105....

# 0x00000: 43 6f 6e 6e  65 63 74 65  64 20 74 6f  20 31 39 32  Connected to 192
# 0x00010: 2e 31 36 38  2e 31 2e 31  30 35 2e 0a               .168.1.105..

> 0x00000: 24 24 24 0d  0a                                     $$$..

< 0x00000: 2a 48 45 4c  4c 4f 2a 43  4d 44 0d 0a               *HELLO*CMD..

